[[ 0.0000e+00  9.0000e+00  1.0000e+00  4.6050e+02  5.4760e+01  1.0000e+00]
 [ 0.0000e+00  0.0000e+00 -1.0000e+00  2.4560e+03  2.1730e+02  1.0000e+00]
 [ 7.0000e+00  0.0000e+00 -1.0000e+00  8.1000e+02  1.1818e+02  1.0000e+00]
 [ 6.0000e+00 -7.0000e+00 -1.0000e+00  2.9250e+02  2.3000e-01  1.0000e+00]
 [ 0.0000e+00 -1.0000e+00  1.0000e+00  6.2350e+02  7.5490e+01  1.0000e+00]
 [ 7.0000e+00  5.0000e+00  1.0000e+00  1.0090e+03  1.4580e+01  1.0000e+00]
 [ 0.0000e+00  3.0000e+00  1.0000e+00  2.2450e+02  8.7000e-01  1.0000e+00]
 [ 5.0000e+00  0.0000e+00 -1.0000e+00  1.8100e+02  1.9249e+02  1.0000e+00]
 [ 0.0000e+00  0.0000e+00 -1.0000e+00  6.4100e+02  6.2670e+01  1.0000e+00]
 [ 0.0000e+00 -2.0000e+00  1.0000e+00  9.2900e+02  2.7711e+02  1.0000e+00]
 [ 0.0000e+00 -5.0000e+00 -1.0000e+00  6.2000e+02  1.2275e+02  1.0000e+00]
 [ 0.0000e+00  1.0000e+00  1.0000e+00  1.1825e+03  1.7319e+02  1.0000e+00]
 [-4.0000e+00  0.0000e+00  1.0000e+00  1.3050e+03  3.8300e+00  1.0000e+00]
 [ 0.0000e+00  2.0000e+00 -1.0000e+00  7.5600e+02  1.0096e+02  1.0000e+00]
 [ 6.0000e+00  0.0000e+00 -1.0000e+00  1.1720e+03  9.8160e+01  1.0000e+00]
 [ 1.0000e+00  0.0000e+00 -1.0000e+00  3.2000e+01  1.2000e+00  1.0000e+00]
 [ 0.0000e+00  1.0000e+00 -1.0000e+00  1.4160e+03  2.9700e+00  1.0000e+00]
 [ 0.0000e+00  4.0000e+00  1.0000e+00  4.0600e+02  3.0100e+01  1.0000e+00]
 [ 4.0000e+00  3.0000e+00 -1.0000e+00  6.3000e+02  4.3200e+01  1.0000e+00]
 [ 4.0000e+00  0.0000e+00  1.0000e+00  5.2950e+02  2.1900e+00  1.0000e+00]
 [ 1.0000e+00  0.0000e+00  1.0000e+00  2.8500e+02  1.2280e+01  1.0000e+00]
 [ 2.0000e+00 -3.0000e+00 -1.0000e+00  1.1650e+02  3.8440e+01  0.0000e+00]
 [ 6.0000e+00  0.0000e+00  1.0000e+00  7.9500e+02  5.5650e+01  0.0000e+00]
 [ 0.0000e+00  1.0000e+00 -1.0000e+00  2.3600e+02  4.8500e+00  0.0000e+00]
 [ 0.0000e+00  9.0000e+00  1.0000e+00  8.0450e+02  1.2710e+01  0.0000e+00]
 [ 5.0000e+00  0.0000e+00 -1.0000e+00  9.8750e+02  9.1000e-01  0.0000e+00]
 [-2.0000e+00  0.0000e+00  1.0000e+00  3.8700e+02  1.0400e+00  0.0000e+00]
 [ 0.0000e+00  0.0000e+00  1.0000e+00  6.0500e+01  3.9000e-01  0.0000e+00]
 [ 0.0000e+00  1.0000e+00  1.0000e+00  6.5500e+02  1.3451e+02  0.0000e+00]
 [ 0.0000e+00 -4.0000e+00 -1.0000e+00  6.5000e+00  1.4370e+01  0.0000e+00]
 [ 3.0000e+00  0.0000e+00  1.0000e+00  5.6500e+02  1.5000e-01  0.0000e+00]
 [ 1.0000e+00  0.0000e+00 -1.0000e+00  2.7400e+02  4.9500e+00  0.0000e+00]
 [ 2.0000e+00  0.0000e+00  1.0000e+00  5.8150e+02  4.3640e+01  0.0000e+00]
 [ 0.0000e+00  0.0000e+00  1.0000e+00  4.7100e+02  2.1300e+00  0.0000e+00]
 [ 5.0000e+00  0.0000e+00 -1.0000e+00  1.3750e+03  7.6390e+01  0.0000e+00]
 [ 1.0000e+00 -1.0000e+00  1.0000e+00  5.4000e+01  9.0500e+00  0.0000e+00]
 [ 0.0000e+00  0.0000e+00 -1.0000e+00  5.1900e+02  2.5000e-01  0.0000e+00]
 [ 0.0000e+00  1.0000e+00 -1.0000e+00  1.2400e+02  4.0000e-01  0.0000e+00]
 [ 0.0000e+00  2.0000e+00  1.0000e+00  7.1400e+02  2.0000e-01  0.0000e+00]
 [-2.0000e+00  0.0000e+00  1.0000e+00  1.1170e+03  3.3353e+02  0.0000e+00]
 [-3.0000e+00  0.0000e+00  1.0000e+00  4.6000e+01  2.4940e+01  0.0000e+00]
 [-1.0000e+00  5.0000e+00  1.0000e+00  1.1550e+02  1.4550e+01  0.0000e+00]
 [ 0.0000e+00  0.0000e+00  1.0000e+00  8.9300e+02  1.0330e+01  0.0000e+00]
 [ 0.0000e+00 -2.0000e+00  1.0000e+00  4.4050e+02  2.8370e+01  0.0000e+00]
 [ 0.0000e+00 -8.0000e+00 -1.0000e+00  2.2900e+02  5.1950e+01  0.0000e+00]
 [ 0.0000e+00  0.0000e+00  1.0000e+00  6.1350e+02  2.8520e+01  0.0000e+00]
 [ 0.0000e+00  0.0000e+00  1.0000e+00  1.9100e+02  7.3000e-01  0.0000e+00]
 [ 0.0000e+00  0.0000e+00  1.0000e+00  9.2400e+02  3.8670e+01  0.0000e+00]
 [ 0.0000e+00 -1.0000e+00  1.0000e+00  2.7500e+01  6.3200e+00  0.0000e+00]
 [ 0.0000e+00  0.0000e+00 -1.0000e+00  4.5600e+02  4.6000e-01  0.0000e+00]]
> /common/home/hg343/Research/accelerate_combo_option/src/main.py(82)main()
-> X_train_val, X_test, y_train_val, y_test = train_test_split(X, y, test_size=args.test_split)
(Pdb) 
Traceback (most recent call last):
  File "/common/home/hg343/Research/accelerate_combo_option/src/main.py", line 115, in <module>
    main()
  File "/common/home/hg343/Research/accelerate_combo_option/src/main.py", line 82, in main
    X_train_val, X_test, y_train_val, y_test = train_test_split(X, y, test_size=args.test_split)
  File "/common/home/hg343/Research/accelerate_combo_option/src/main.py", line 82, in main
    X_train_val, X_test, y_train_val, y_test = train_test_split(X, y, test_size=args.test_split)
  File "/common/home/hg343/anaconda3/lib/python3.9/bdb.py", line 88, in trace_dispatch
    return self.dispatch_line(frame)
  File "/common/home/hg343/anaconda3/lib/python3.9/bdb.py", line 113, in dispatch_line
    if self.quitting: raise BdbQuit
bdb.BdbQuit
